<?xml version="1.0" encoding="UTF-8"?>
<!-- Generated by org.testng.reporters.JUnitReportReporter -->
<testsuite hostname="DESKTOP-NUIJU8C" failures="0" tests="1" name="apiChaining.EndToEndTest" time="5.339" errors="0" timestamp="29 May 2022 06:10:45 GMT" skipped="0">
  <testcase classname="apiChaining.EndToEndTest" name="test1" time="5.339"/>
</testsuite> <!-- apiChaining.EndToEndTest -->
