<?xml version="1.0" encoding="UTF-8"?>
<!-- Generated by org.testng.reporters.JUnitReportReporter -->
<testsuite hostname="DESKTOP-NUIJU8C" failures="0" tests="1" name="restAPI.PostRequestWithJsonObject" time="4.913" errors="0" timestamp="28 May 2022 06:43:22 GMT" skipped="0">
  <testcase classname="restAPI.PostRequestWithJsonObject" name="test1" time="4.913"/>
</testsuite> <!-- restAPI.PostRequestWithJsonObject -->
