<?xml version="1.0" encoding="UTF-8"?>
<!-- Generated by org.testng.reporters.JUnitReportReporter -->
<testsuite hostname="DESKTOP-NUIJU8C" failures="0" tests="1" name="restAPI.GetRequest" time="6.162" errors="0" timestamp="28 May 2022 05:24:48 GMT" skipped="0">
  <testcase classname="restAPI.GetRequest" name="test1" time="6.162"/>
</testsuite> <!-- restAPI.GetRequest -->
