<?xml version="1.0" encoding="UTF-8"?>
<!-- Generated by org.testng.reporters.JUnitReportReporter -->
<testsuite hostname="DESKTOP-NUIJU8C" failures="0" tests="1" name="restAPI.PostRequestWithJsonFile" time="5.837" errors="0" timestamp="28 May 2022 07:15:15 GMT" skipped="0">
  <testcase classname="restAPI.PostRequestWithJsonFile" name="test1" time="5.837"/>
</testsuite> <!-- restAPI.PostRequestWithJsonFile -->
