<?xml version="1.0" encoding="UTF-8"?>
<!-- Generated by org.testng.reporters.JUnitReportReporter -->
<testsuite hostname="DESKTOP-NUIJU8C" failures="0" tests="1" name="restAPI.PostRequest" time="6.080" errors="0" timestamp="28 May 2022 06:26:53 GMT" skipped="0">
  <testcase classname="restAPI.PostRequest" name="test1" time="6.080"/>
</testsuite> <!-- restAPI.PostRequest -->
