<?xml version="1.0" encoding="UTF-8"?>
<!-- Generated by org.testng.reporters.JUnitReportReporter -->
<testsuite hostname="DESKTOP-NUIJU8C" failures="0" tests="1" name="restAPI.GetRequestWithParams" time="5.897" errors="0" timestamp="28 May 2022 05:21:26 GMT" skipped="0">
  <testcase classname="restAPI.GetRequestWithParams" name="test1" time="5.897"/>
</testsuite> <!-- restAPI.GetRequestWithParams -->
