<?xml version="1.0" encoding="UTF-8"?>
<!-- Generated by org.testng.reporters.JUnitReportReporter -->
<testsuite hostname="DESKTOP-NUIJU8C" failures="0" tests="1" name="restAPI.PostRequestWithMap" time="6.676" errors="0" timestamp="28 May 2022 06:56:41 GMT" skipped="0">
  <testcase classname="restAPI.PostRequestWithMap" name="test1" time="6.676"/>
</testsuite> <!-- restAPI.PostRequestWithMap -->
